<?xml version="1.0" encoding="UTF-8"?>
<!-- Generated by org.testng.reporters.JUnitReportReporter -->
<testsuite hostname="DESKTOP-IN8JAH5" failures="0" tests="1" name="PageLayer.PageLayerJenkinTest" time="0.029" errors="0" timestamp="2024-08-08T13:14:36 IST" skipped="0">
  <testcase classname="PageLayer.PageLayerJenkinTest" name="hehe" time="0.029"/>
</testsuite> <!-- PageLayer.PageLayerJenkinTest -->
